raytek_3,37.889,leslie,1582641130,北京西站-地铁站
raytek_1,36.3,jack,1582641121,北京西站-北广场
raytek_3,36.389,john,1582641123,北京西站-地铁站
raytek_9,37.3,tom,1582641124,北京西站-南广场
raytek_2,35.4,leon,1582641127,北京西站北广场3号停车场
raytek_3,36.4,kate,1582641128,北京西站-地铁站
raytek_3,36.389,alice,1582641129,北京西站-地铁站
raytek_2,37.777,john,1582641131,北京西站北广场3号停车场
raytek_9,39.888,tom,1582641166,北京西站-南广场

raytek_3,37.389,林俊杰,1582641130,北京西站-地铁站

raytek_3,37.389,林俊杰2,1582641142,北京西站-地铁站

raytek_3,37.389,林俊杰3,1582641142,北京西站-地铁站


raytek_3,36.389,john2,1582641136,北京西站-地铁站

raytek_3,36.389,john3,1582641136,北京西站-地铁站

raytek_3,36.389,john4,1582641136,北京西站-地铁站


raytek_3,36.389,john,1582641136,北京西站-地铁站

raytek_3,36.389,john,1582641133,北京西站-地铁站

raytek_3,39.389,张学友,1582641127,北京西站-地铁站

raytek_3,34.8,刘德华,1582641125,北京西站-地铁站


raytek_3,39.389,marry,1582641114,北京西站-地铁站

raytek_3,39.389,marry2,1582641115,北京西站-地铁站

raytek_3,34.8,andyLau2,1582641116,北京西站-地铁站

raytek_3,39.389,marry,1582641114,北京西站-地铁站

raytek_3,39.389,leon,1582641115,北京西站-地铁站

raytek_3,39.389,jackson,1582641116,北京西站-地铁站

raytek_3,39.389,张三丰,1582641128,北京西站-地铁站


raytek_3,37.389,jackson,1582641136,北京西站-地铁站

raytek_3,37.389,john,1582641139,北京西站-地铁站

raytek_3,34.9,leon,1582641124,北京西站-地铁站
raytek_3,34.4,marry,1582641123,北京西站-地铁站


raytek_3,37.389,jackson,1582641139,北京西站-地铁站




raytek_3,37.389,marry,1582641142,北京西站-地铁站